build/outputs/logs/manifest-merger-debug-report.txt
-- Merging decision tree log ---
manifest
ADDED from mangrovepay\AndroidManifest.xml:2:1-232:12
	xmlns:android
		ADDED from mangrovepay\AndroidManifest.xml:2:11-69
	package
		ADDED from mangrovepay\AndroidManifest.xml:3:5-35
	android:versionName
		ADDED from mangrovepay\AndroidManifest.xml:5:5-30
	android:versionCode
		ADDED from mangrovepay\AndroidManifest.xml:4:5-28
		INJECTED from mangrovepay\AndroidManifest.xml
		INJECTED from mangrovepay\AndroidManifest.xml
uses-sdk
ADDED from mangrovepay\AndroidManifest.xml:7:5-9:41
	android:targetSdkVersion
		ADDED from mangrovepay\AndroidManifest.xml:9:9-38
	android:minSdkVersion
		ADDED from mangrovepay\AndroidManifest.xml:8:9-34
uses-permission#android.permission.SYSTEM_ALERT_WINDOW
ADDED from mangrovepay\AndroidManifest.xml:11:5-12:23
	android:name
		ADDED from mangrovepay\AndroidManifest.xml:11:22-75
uses-permission#android.permission.ACCESS_FINE_LOCATION
ADDED from mangrovepay\AndroidManifest.xml:14:5-79
	android:name
		ADDED from mangrovepay\AndroidManifest.xml:14:22-76
uses-permission#android.permission.ACCESS_WIFI_STATE
ADDED from mangrovepay\AndroidManifest.xml:15:5-76
	android:name
		ADDED from mangrovepay\AndroidManifest.xml:15:22-73
uses-permission#android.permission.CHANGE_WIFI_STATE
ADDED from mangrovepay\AndroidManifest.xml:16:5-76
	android:name
		ADDED from mangrovepay\AndroidManifest.xml:16:22-73
uses-permission#android.permission.VIBRATE
ADDED from mangrovepay\AndroidManifest.xml:17:5-66
	android:name
		ADDED from mangrovepay\AndroidManifest.xml:17:22-63
uses-permission#android.permission.ACCESS_COARSE_LOCATION
ADDED from mangrovepay\AndroidManifest.xml:18:5-81
	android:name
		ADDED from mangrovepay\AndroidManifest.xml:18:22-78
uses-permission#android.permission.INTERNET
ADDED from mangrovepay\AndroidManifest.xml:20:5-67
	android:name
		ADDED from mangrovepay\AndroidManifest.xml:20:22-64
uses-permission#android.permission.ACCESS_NETWORK_STATE
ADDED from mangrovepay\AndroidManifest.xml:22:5-79
	android:name
		ADDED from mangrovepay\AndroidManifest.xml:22:22-76
uses-permission#android.permission.READ_PHONE_STATE
ADDED from mangrovepay\AndroidManifest.xml:23:5-75
	android:name
		ADDED from mangrovepay\AndroidManifest.xml:23:22-72
uses-permission#android.permission.WRITE_EXTERNAL_STORAGE
ADDED from mangrovepay\AndroidManifest.xml:25:5-81
	android:name
		ADDED from mangrovepay\AndroidManifest.xml:25:22-78
uses-permission#android.permission.READ_CONTACTS
ADDED from mangrovepay\AndroidManifest.xml:28:5-72
	android:name
		ADDED from mangrovepay\AndroidManifest.xml:28:22-69
uses-permission#android.permission.CALL_PHONE
ADDED from mangrovepay\AndroidManifest.xml:30:5-69
	android:name
		ADDED from mangrovepay\AndroidManifest.xml:30:22-66
uses-feature#0x00020000
ADDED from mangrovepay\AndroidManifest.xml:32:5-54
	android:glEsVersion
		ADDED from mangrovepay\AndroidManifest.xml:32:19-51
uses-permission#android.permission.CAMERA
ADDED from mangrovepay\AndroidManifest.xml:35:5-65
	android:name
		ADDED from mangrovepay\AndroidManifest.xml:35:22-62
uses-feature#android.hardware.camera
ADDED from mangrovepay\AndroidManifest.xml:37:5-60
	android:name
		ADDED from mangrovepay\AndroidManifest.xml:37:19-57
uses-feature#android.hardware.camera.autofocus
ADDED from mangrovepay\AndroidManifest.xml:38:5-70
	android:name
		ADDED from mangrovepay\AndroidManifest.xml:38:19-67
uses-permission#android.permission.FLASHLIGHT
ADDED from mangrovepay\AndroidManifest.xml:40:5-69
	android:name
		ADDED from mangrovepay\AndroidManifest.xml:40:22-66
uses-feature#android.hardware.autofocus
ADDED from mangrovepay\AndroidManifest.xml:42:5-63
	android:name
		ADDED from mangrovepay\AndroidManifest.xml:42:19-60
uses-permission#android.permission.HARDWARE
ADDED from mangrovepay\AndroidManifest.xml:44:5-67
	android:name
		ADDED from mangrovepay\AndroidManifest.xml:44:22-64
uses-permission#android.permission.WAKE_LOCK
ADDED from mangrovepay\AndroidManifest.xml:45:5-68
	android:name
		ADDED from mangrovepay\AndroidManifest.xml:45:22-65
uses-permission#android.permission.READ_LOGS
ADDED from mangrovepay\AndroidManifest.xml:46:5-68
	android:name
		ADDED from mangrovepay\AndroidManifest.xml:46:22-65
uses-permission#android.permission.RESTART_PACKAGES
ADDED from mangrovepay\AndroidManifest.xml:47:5-75
	android:name
		ADDED from mangrovepay\AndroidManifest.xml:47:22-72
supports-screens
ADDED from mangrovepay\AndroidManifest.xml:49:5-51
	android:anyDensity
		ADDED from mangrovepay\AndroidManifest.xml:49:23-48
application
ADDED from mangrovepay\AndroidManifest.xml:51:5-230:19
	android:label
		ADDED from mangrovepay\AndroidManifest.xml:55:9-41
	android:allowBackup
		ADDED from mangrovepay\AndroidManifest.xml:53:9-35
	android:icon
		ADDED from mangrovepay\AndroidManifest.xml:54:9-45
	android:theme
		ADDED from mangrovepay\AndroidManifest.xml:56:9-36
	android:name
		ADDED from mangrovepay\AndroidManifest.xml:52:9-71
meta-data#exclude-package
ADDED from mangrovepay\AndroidManifest.xml:57:9-59:94
	android:name
		ADDED from mangrovepay\AndroidManifest.xml:58:13-43
	android:value
		ADDED from mangrovepay\AndroidManifest.xml:59:13-91
meta-data#include-package
ADDED from mangrovepay\AndroidManifest.xml:60:9-62:52
	android:name
		ADDED from mangrovepay\AndroidManifest.xml:61:13-43
	android:value
		ADDED from mangrovepay\AndroidManifest.xml:62:13-49
activity#com.jdjt.mangrovepay.activity.WelcomeActivity
ADDED from mangrovepay\AndroidManifest.xml:64:9-77:20
	android:screenOrientation
		ADDED from mangrovepay\AndroidManifest.xml:67:13-49
	android:label
		ADDED from mangrovepay\AndroidManifest.xml:66:13-45
	android:name
		ADDED from mangrovepay\AndroidManifest.xml:65:13-73
intent-filter#android.intent.action.MAIN+android.intent.category.LAUNCHER
ADDED from mangrovepay\AndroidManifest.xml:68:13-71:29
action#android.intent.action.MAIN
ADDED from mangrovepay\AndroidManifest.xml:69:17-69
	android:name
		ADDED from mangrovepay\AndroidManifest.xml:69:25-66
category#android.intent.category.LAUNCHER
ADDED from mangrovepay\AndroidManifest.xml:70:17-77
	android:name
		ADDED from mangrovepay\AndroidManifest.xml:70:27-74
intent-filter#android.intent.action.VIEW+android.intent.category.DEFAULT
ADDED from mangrovepay\AndroidManifest.xml:72:13-76:33
action#android.intent.action.VIEW
ADDED from mangrovepay\AndroidManifest.xml:73:17-68
	android:name
		ADDED from mangrovepay\AndroidManifest.xml:73:25-66
category#android.intent.category.DEFAULT
ADDED from mangrovepay\AndroidManifest.xml:74:17-75
	android:name
		ADDED from mangrovepay\AndroidManifest.xml:74:27-73
data
ADDED from mangrovepay\AndroidManifest.xml:75:17-60
	android:scheme
		ADDED from mangrovepay\AndroidManifest.xml:75:23-58
service#com.jdjt.mangrovepay.service.LocalService
ADDED from mangrovepay\AndroidManifest.xml:79:9-82:19
	android:name
		ADDED from mangrovepay\AndroidManifest.xml:80:13-69
activity#com.jdjt.mangrovepay.activity.LoginActivity
ADDED from mangrovepay\AndroidManifest.xml:84:9-88:20
	android:screenOrientation
		ADDED from mangrovepay\AndroidManifest.xml:87:13-49
	android:name
		ADDED from mangrovepay\AndroidManifest.xml:85:13-71
	android:launchMode
		ADDED from mangrovepay\AndroidManifest.xml:86:13-44
activity#com.jdjt.mangrovepay.activity.ConsumptionListActivity
ADDED from mangrovepay\AndroidManifest.xml:90:9-94:20
	android:windowSoftInputMode
		ADDED from mangrovepay\AndroidManifest.xml:93:13-54
	android:screenOrientation
		ADDED from mangrovepay\AndroidManifest.xml:92:13-49
	android:name
		ADDED from mangrovepay\AndroidManifest.xml:91:13-81
activity#com.jdjt.mangrovepay.activity.MainActivity
ADDED from mangrovepay\AndroidManifest.xml:97:9-102:20
	android:windowSoftInputMode
		ADDED from mangrovepay\AndroidManifest.xml:99:13-54
	android:screenOrientation
		ADDED from mangrovepay\AndroidManifest.xml:101:13-49
	android:name
		ADDED from mangrovepay\AndroidManifest.xml:98:13-70
	android:launchMode
		ADDED from mangrovepay\AndroidManifest.xml:100:14-45
activity#com.jdjt.mangrovepay.activity.FindPasswordActivity
ADDED from mangrovepay\AndroidManifest.xml:104:9-109:20
	android:windowSoftInputMode
		ADDED from mangrovepay\AndroidManifest.xml:108:13-54
	android:screenOrientation
		ADDED from mangrovepay\AndroidManifest.xml:106:13-49
	android:theme
		ADDED from mangrovepay\AndroidManifest.xml:107:13-47
	android:name
		ADDED from mangrovepay\AndroidManifest.xml:105:13-78
activity#com.jdjt.mangrovepay.activity.FindPwdResetActivity
ADDED from mangrovepay\AndroidManifest.xml:111:9-115:20
	android:windowSoftInputMode
		ADDED from mangrovepay\AndroidManifest.xml:114:13-54
	android:screenOrientation
		ADDED from mangrovepay\AndroidManifest.xml:113:13-49
	android:name
		ADDED from mangrovepay\AndroidManifest.xml:112:13-78
activity#com.jdjt.mangrovepay.activity.RegisterActivity
ADDED from mangrovepay\AndroidManifest.xml:118:9-123:20
	android:windowSoftInputMode
		ADDED from mangrovepay\AndroidManifest.xml:122:13-54
	android:screenOrientation
		ADDED from mangrovepay\AndroidManifest.xml:120:13-49
	android:theme
		ADDED from mangrovepay\AndroidManifest.xml:121:13-47
	android:name
		ADDED from mangrovepay\AndroidManifest.xml:119:13-74
activity#com.jdjt.mangrovepay.activity.BindCardActivity
ADDED from mangrovepay\AndroidManifest.xml:125:9-130:20
	android:windowSoftInputMode
		ADDED from mangrovepay\AndroidManifest.xml:129:13-54
	android:screenOrientation
		ADDED from mangrovepay\AndroidManifest.xml:127:13-49
	android:theme
		ADDED from mangrovepay\AndroidManifest.xml:128:13-47
	android:name
		ADDED from mangrovepay\AndroidManifest.xml:126:13-74
activity#com.jdjt.mangrovepay.activity.BalanceActivity
ADDED from mangrovepay\AndroidManifest.xml:132:9-137:20
	android:windowSoftInputMode
		ADDED from mangrovepay\AndroidManifest.xml:136:13-54
	android:screenOrientation
		ADDED from mangrovepay\AndroidManifest.xml:134:13-49
	android:theme
		ADDED from mangrovepay\AndroidManifest.xml:135:13-47
	android:name
		ADDED from mangrovepay\AndroidManifest.xml:133:13-73
activity#com.jdjt.mangrovepay.activity.PayPwsswordActivity
ADDED from mangrovepay\AndroidManifest.xml:139:9-142:20
	android:screenOrientation
		ADDED from mangrovepay\AndroidManifest.xml:141:13-49
	android:name
		ADDED from mangrovepay\AndroidManifest.xml:140:13-77
activity#com.jdjt.mangrovepay.activity.CaptureActivity
ADDED from mangrovepay\AndroidManifest.xml:144:9-149:20
	android:screenOrientation
		ADDED from mangrovepay\AndroidManifest.xml:148:13-49
	android:label
		ADDED from mangrovepay\AndroidManifest.xml:147:13-45
	android:hardwareAccelerated
		ADDED from mangrovepay\AndroidManifest.xml:146:13-47
	android:name
		ADDED from mangrovepay\AndroidManifest.xml:145:13-73
activity#com.jdjt.mangrovepay.activity.PaySuccessActivity
ADDED from mangrovepay\AndroidManifest.xml:151:9-156:20
	android:screenOrientation
		ADDED from mangrovepay\AndroidManifest.xml:155:13-49
	android:label
		ADDED from mangrovepay\AndroidManifest.xml:154:13-45
	android:hardwareAccelerated
		ADDED from mangrovepay\AndroidManifest.xml:153:13-47
	android:name
		ADDED from mangrovepay\AndroidManifest.xml:152:13-76
activity#com.jdjt.mangrovepay.activity.QROnlinePayActivity
ADDED from mangrovepay\AndroidManifest.xml:158:9-163:20
	android:windowSoftInputMode
		ADDED from mangrovepay\AndroidManifest.xml:162:13-55
	android:screenOrientation
		ADDED from mangrovepay\AndroidManifest.xml:161:13-49
	android:label
		ADDED from mangrovepay\AndroidManifest.xml:160:13-45
	android:name
		ADDED from mangrovepay\AndroidManifest.xml:159:13-77
activity#com.jdjt.mangrovepay.activity.PayChannelAcitivity
ADDED from mangrovepay\AndroidManifest.xml:165:9-169:20
	android:screenOrientation
		ADDED from mangrovepay\AndroidManifest.xml:168:13-49
	android:label
		ADDED from mangrovepay\AndroidManifest.xml:167:13-45
	android:name
		ADDED from mangrovepay\AndroidManifest.xml:166:13-77
activity#com.jdjt.mangrovepay.activity.TransferChannelAcitivity
ADDED from mangrovepay\AndroidManifest.xml:171:9-175:20
	android:screenOrientation
		ADDED from mangrovepay\AndroidManifest.xml:174:13-49
	android:label
		ADDED from mangrovepay\AndroidManifest.xml:173:13-45
	android:name
		ADDED from mangrovepay\AndroidManifest.xml:172:13-82
activity#com.jdjt.mangrovepay.activity.ChangePhoneActivity
ADDED from mangrovepay\AndroidManifest.xml:177:9-181:20
	android:screenOrientation
		ADDED from mangrovepay\AndroidManifest.xml:180:13-49
	android:label
		ADDED from mangrovepay\AndroidManifest.xml:179:13-45
	android:name
		ADDED from mangrovepay\AndroidManifest.xml:178:13-77
activity#com.jdjt.mangrovepay.activity.BindPhoneActivity
ADDED from mangrovepay\AndroidManifest.xml:183:9-187:20
	android:screenOrientation
		ADDED from mangrovepay\AndroidManifest.xml:186:13-49
	android:label
		ADDED from mangrovepay\AndroidManifest.xml:185:13-45
	android:name
		ADDED from mangrovepay\AndroidManifest.xml:184:13-75
activity#com.jdjt.mangrovepay.activity.ChangePayPasswordActivity
ADDED from mangrovepay\AndroidManifest.xml:189:9-193:20
	android:screenOrientation
		ADDED from mangrovepay\AndroidManifest.xml:192:13-49
	android:label
		ADDED from mangrovepay\AndroidManifest.xml:191:13-45
	android:name
		ADDED from mangrovepay\AndroidManifest.xml:190:13-83
activity#com.jdjt.mangrovepay.activity.ChangeLoginPasswordActivity
ADDED from mangrovepay\AndroidManifest.xml:195:9-199:20
	android:screenOrientation
		ADDED from mangrovepay\AndroidManifest.xml:198:13-49
	android:label
		ADDED from mangrovepay\AndroidManifest.xml:197:13-45
	android:name
		ADDED from mangrovepay\AndroidManifest.xml:196:13-85
activity#com.jdjt.mangrovepay.activity.FindPayPasswordActivity
ADDED from mangrovepay\AndroidManifest.xml:201:9-205:20
	android:screenOrientation
		ADDED from mangrovepay\AndroidManifest.xml:204:13-49
	android:label
		ADDED from mangrovepay\AndroidManifest.xml:203:13-45
	android:name
		ADDED from mangrovepay\AndroidManifest.xml:202:13-81
activity#com.jdjt.mangrovepay.activity.FindPayPwdResetActivity
ADDED from mangrovepay\AndroidManifest.xml:207:9-211:20
	android:screenOrientation
		ADDED from mangrovepay\AndroidManifest.xml:210:13-49
	android:label
		ADDED from mangrovepay\AndroidManifest.xml:209:13-45
	android:name
		ADDED from mangrovepay\AndroidManifest.xml:208:13-81
activity#com.jdjt.mangrovepay.activity.WebViewAactiviy
ADDED from mangrovepay\AndroidManifest.xml:213:9-217:20
	android:screenOrientation
		ADDED from mangrovepay\AndroidManifest.xml:216:13-49
	android:label
		ADDED from mangrovepay\AndroidManifest.xml:215:13-45
	android:name
		ADDED from mangrovepay\AndroidManifest.xml:214:13-73
activity#com.jdjt.mangrovepay.wxapi.WXPayEntryActivity
ADDED from mangrovepay\AndroidManifest.xml:220:9-223:45
	android:exported
		ADDED from mangrovepay\AndroidManifest.xml:222:13-36
	android:name
		ADDED from mangrovepay\AndroidManifest.xml:221:13-53
	android:launchMode
		ADDED from mangrovepay\AndroidManifest.xml:223:13-43
receiver#com.jdjt.mangrovepay.wxapi.AppRegister
ADDED from mangrovepay\AndroidManifest.xml:224:11-229:20
	android:name
		ADDED from mangrovepay\AndroidManifest.xml:225:13-66
intent-filter#com.tencent.mm.plugin.openapi.Intent.ACTION_REFRESH_WXAPP
ADDED from mangrovepay\AndroidManifest.xml:226:13-228:29
action#com.tencent.mm.plugin.openapi.Intent.ACTION_REFRESH_WXAPP
ADDED from mangrovepay\AndroidManifest.xml:227:17-100
	android:name
		ADDED from mangrovepay\AndroidManifest.xml:227:25-97